> python main.py example/syntactic_error3.lsi

DEF_TOKEN: def
ID_OPEN_PARENTHESES_TOKEN: soma(
CLOSE_PARENTHESES_TOKEN: )
OPEN_PARENTHESES_TOKEN: (
ID_TOKEN: retura
PLUS_TOKEN: +
ID_TOKEN: b
CLOSE_PARENTHESES_TOKEN: )
DEF_TOKEN: def
ID_OPEN_PARENTHESES_TOKEN: subtracao(
CLOSE_PARENTHESES_TOKEN: )
OPEN_BRACES_TOKEN: {
RETURN_TOKEN: return
ID_TOKEN: a
MINUS_TOKEN: -
ID_TOKEN: c
CLOSE_BRACES_TOKEN: }
DEF_TOKEN: def
ID_OPEN_PARENTHESES_TOKEN: multiplicacao(
CLOSE_PARENTHESES_TOKEN: )
OPEN_BRACES_TOKEN: {
RETURN_TOKEN: return
ID_TOKEN: a
MULTIPLICATION_TOKEN: *
ID_TOKEN: b
CLOSE_BRACES_TOKEN: }
INT_TOKEN: int
ID_TOKEN: a
SEMICOLON_TOKEN: ;
INT_TOKEN: int
ID_TOKEN: b
SEMICOLON_TOKEN: ;
ID_TOKEN: a
EQUAL_TOKEN: =
NUMBER_TOKEN: 10
SEMICOLON_TOKEN: ;
ID_TOKEN: b
EQUAL_TOKEN: =
NUMBER_TOKEN: 5
SEMICOLON_TOKEN: ; 


Add 2 stack: MAIN -> FLIST
Add 2 stack: FLIST -> FDEF FLIST2
Add 2 stack: FDEF -> DEF_TOKEN ID_OPEN_PARENTHESES_TOKEN PARLIST CLOSE_PARENTHESES_TOKEN OPEN_BRACES_TOKEN STMTLIST CLOSE_BRACES_TOKEN
Match found: DEF_TOKEN: def
Match found: ID_OPEN_PARENTHESES_TOKEN: soma(
Add 2 stack: PARLIST -> ε
Match found: CLOSE_PARENTHESES_TOKEN: )

Expected: OPEN_BRACES_TOKEN gotten OPEN_PARENTHESES_TOKEN: (


Fail >:(
