> python main.py example/syntactic_error1.lsi

DEF_TOKEN: def
ID_OPEN_PARENTHESES_TOKEN: principal(
CLOSE_PARENTHESES_TOKEN: )
OPEN_BRACES_TOKEN: {
INT_TOKEN: int
ID_TOKEN: C
SEMICOLON_TOKEN: ;
INT_TOKEN: int
ID_TOKEN: D
SEMICOLON_TOKEN: ;
INT_TOKEN: int
ID_TOKEN: R
SEMICOLON_TOKEN: ;
INT_TOKEN: int
ID_TOKEN: S
SEMICOLON_TOKEN: ;
ID_TOKEN: C
EQUAL_TOKEN: =
PLUS_TOKEN: +
NUMBER_TOKEN: 3
SEMICOLON_TOKEN: ;
ID_TOKEN: D
EQUAL_TOKEN: =
PLUS_TOKEN: +
SEMICOLON_TOKEN: ;
ID_TOKEN: R
EQUAL_TOKEN: =
ID_OPEN_PARENTHESES_TOKEN: func1(
ID_TOKEN: C
COMMA_TOKEN: ,
ID_TOKEN: D
CLOSE_PARENTHESES_TOKEN: )
SEMICOLON_TOKEN: ;
ID_TOKEN: fiR
GREATER_TOKEN: >
NUMBER_TOKEN: 50
ID_TOKEN: S
EQUAL_TOKEN: =
ID_TOKEN: maiorelseS
EQUAL_TOKEN: =
ID_TOKEN: menorreturnS
SEMICOLON_TOKEN: ;
PRINT_TOKEN: print
ID_TOKEN: T
CLOSE_BRACES_TOKEN: } 


Add 2 stack: MAIN -> FLIST
Add 2 stack: FLIST -> FDEF FLIST2
Add 2 stack: FDEF -> DEF_TOKEN ID_OPEN_PARENTHESES_TOKEN PARLIST CLOSE_PARENTHESES_TOKEN OPEN_BRACES_TOKEN STMTLIST CLOSE_BRACES_TOKEN
Match found: DEF_TOKEN: def
Match found: ID_OPEN_PARENTHESES_TOKEN: principal(
Add 2 stack: PARLIST -> ε
Match found: CLOSE_PARENTHESES_TOKEN: )
Match found: OPEN_BRACES_TOKEN: {
Add 2 stack: STMTLIST -> STMT STMTLIST2
Add 2 stack: STMT -> INT_TOKEN ID_TOKEN SEMICOLON_TOKEN
Match found: INT_TOKEN: int
Match found: ID_TOKEN: C
Match found: SEMICOLON_TOKEN: ;
Add 2 stack: STMTLIST2 -> STMT STMTLIST2
Add 2 stack: STMT -> INT_TOKEN ID_TOKEN SEMICOLON_TOKEN
Match found: INT_TOKEN: int
Match found: ID_TOKEN: D
Match found: SEMICOLON_TOKEN: ;
Add 2 stack: STMTLIST2 -> STMT STMTLIST2
Add 2 stack: STMT -> INT_TOKEN ID_TOKEN SEMICOLON_TOKEN
Match found: INT_TOKEN: int
Match found: ID_TOKEN: R
Match found: SEMICOLON_TOKEN: ;
Add 2 stack: STMTLIST2 -> STMT STMTLIST2
Add 2 stack: STMT -> INT_TOKEN ID_TOKEN SEMICOLON_TOKEN
Match found: INT_TOKEN: int
Match found: ID_TOKEN: S
Match found: SEMICOLON_TOKEN: ;
Add 2 stack: STMTLIST2 -> STMT STMTLIST2
Add 2 stack: STMT -> ATRIBST SEMICOLON_TOKEN
Add 2 stack: ATRIBST -> ID_TOKEN EQUAL_TOKEN ATRIBST2
Match found: ID_TOKEN: C
Match found: EQUAL_TOKEN: =


Production not found, ATRIBST2 -> PLUS_TOKEN
Expected: ATRIBST2 -> ID_TOKEN | OPEN_PARENTHESES_TOKEN | ID_OPEN_PARENTHESES_TOKEN | NUMBER_TOKEN
Gotten: PLUS_TOKEN: +


Fail >:(
